<?xml version="1.0" encoding="UTF-8"?>
<testsuite name="hello.itemservice.message.MessageSourceTest" tests="1" skipped="0" failures="0" errors="0" timestamp="2022-03-31T14:16:24" hostname="jeongminjun-ui-MacBookPro.local" time="0.331">
  <properties/>
  <testcase name="helloMessage()" classname="hello.itemservice.message.MessageSourceTest" time="0.331"/>
  <system-out><![CDATA[23:16:20.900 [Test worker] DEBUG org.springframework.test.context.BootstrapUtils - Instantiating CacheAwareContextLoaderDelegate from class [org.springframework.test.context.cache.DefaultCacheAwareContextLoaderDelegate]
23:16:20.911 [Test worker] DEBUG org.springframework.test.context.BootstrapUtils - Instantiating BootstrapContext using constructor [public org.springframework.test.context.support.DefaultBootstrapContext(java.lang.Class,org.springframework.test.context.CacheAwareContextLoaderDelegate)]
23:16:20.953 [Test worker] DEBUG org.springframework.test.context.BootstrapUtils - Instantiating TestContextBootstrapper for test class [hello.itemservice.message.MessageSourceTest] from class [org.springframework.boot.test.context.SpringBootTestContextBootstrapper]
23:16:20.962 [Test worker] INFO org.springframework.boot.test.context.SpringBootTestContextBootstrapper - Neither @ContextConfiguration nor @ContextHierarchy found for test class [hello.itemservice.message.MessageSourceTest], using SpringBootContextLoader
23:16:20.967 [Test worker] DEBUG org.springframework.test.context.support.AbstractContextLoader - Did not detect default resource location for test class [hello.itemservice.message.MessageSourceTest]: class path resource [hello/itemservice/message/MessageSourceTest-context.xml] does not exist
23:16:20.967 [Test worker] DEBUG org.springframework.test.context.support.AbstractContextLoader - Did not detect default resource location for test class [hello.itemservice.message.MessageSourceTest]: class path resource [hello/itemservice/message/MessageSourceTestContext.groovy] does not exist
23:16:20.968 [Test worker] INFO org.springframework.test.context.support.AbstractContextLoader - Could not detect default resource locations for test class [hello.itemservice.message.MessageSourceTest]: no resource found for suffixes {-context.xml, Context.groovy}.
23:16:20.968 [Test worker] INFO org.springframework.test.context.support.AnnotationConfigContextLoaderUtils - Could not detect default configuration classes for test class [hello.itemservice.message.MessageSourceTest]: MessageSourceTest does not declare any static, non-private, non-final, nested classes annotated with @Configuration.
23:16:21.024 [Test worker] DEBUG org.springframework.test.context.support.ActiveProfilesUtils - Could not find an 'annotation declaring class' for annotation type [org.springframework.test.context.ActiveProfiles] and class [hello.itemservice.message.MessageSourceTest]
23:16:21.098 [Test worker] DEBUG org.springframework.context.annotation.ClassPathScanningCandidateComponentProvider - Identified candidate component class: file [/Users/minjun/Desktop/message/build/classes/java/main/hello/itemservice/ItemServiceApplication.class]
23:16:21.104 [Test worker] INFO org.springframework.boot.test.context.SpringBootTestContextBootstrapper - Found @SpringBootConfiguration hello.itemservice.ItemServiceApplication for test class hello.itemservice.message.MessageSourceTest
23:16:21.188 [Test worker] DEBUG org.springframework.boot.test.context.SpringBootTestContextBootstrapper - @TestExecutionListeners is not present for class [hello.itemservice.message.MessageSourceTest]: using defaults.
23:16:21.189 [Test worker] INFO org.springframework.boot.test.context.SpringBootTestContextBootstrapper - Loaded default TestExecutionListener class names from location [META-INF/spring.factories]: [org.springframework.boot.test.autoconfigure.restdocs.RestDocsTestExecutionListener, org.springframework.boot.test.autoconfigure.web.client.MockRestServiceServerResetTestExecutionListener, org.springframework.boot.test.autoconfigure.web.servlet.MockMvcPrintOnlyOnFailureTestExecutionListener, org.springframework.boot.test.autoconfigure.web.servlet.WebDriverTestExecutionListener, org.springframework.boot.test.autoconfigure.webservices.client.MockWebServiceServerTestExecutionListener, org.springframework.boot.test.mock.mockito.MockitoTestExecutionListener, org.springframework.boot.test.mock.mockito.ResetMocksTestExecutionListener, org.springframework.test.context.web.ServletTestExecutionListener, org.springframework.test.context.support.DirtiesContextBeforeModesTestExecutionListener, org.springframework.test.context.event.ApplicationEventsTestExecutionListener, org.springframework.test.context.support.DependencyInjectionTestExecutionListener, org.springframework.test.context.support.DirtiesContextTestExecutionListener, org.springframework.test.context.transaction.TransactionalTestExecutionListener, org.springframework.test.context.jdbc.SqlScriptsTestExecutionListener, org.springframework.test.context.event.EventPublishingTestExecutionListener]
23:16:21.201 [Test worker] DEBUG org.springframework.boot.test.context.SpringBootTestContextBootstrapper - Skipping candidate TestExecutionListener [org.springframework.test.context.transaction.TransactionalTestExecutionListener] due to a missing dependency. Specify custom listener classes or make the default listener classes and their required dependencies available. Offending class: [org/springframework/transaction/TransactionDefinition]
23:16:21.201 [Test worker] DEBUG org.springframework.boot.test.context.SpringBootTestContextBootstrapper - Skipping candidate TestExecutionListener [org.springframework.test.context.jdbc.SqlScriptsTestExecutionListener] due to a missing dependency. Specify custom listener classes or make the default listener classes and their required dependencies available. Offending class: [org/springframework/transaction/interceptor/TransactionAttribute]
23:16:21.201 [Test worker] INFO org.springframework.boot.test.context.SpringBootTestContextBootstrapper - Using TestExecutionListeners: [org.springframework.test.context.web.ServletTestExecutionListener@62403eab, org.springframework.test.context.support.DirtiesContextBeforeModesTestExecutionListener@3762bd4f, org.springframework.test.context.event.ApplicationEventsTestExecutionListener@4af4a871, org.springframework.boot.test.mock.mockito.MockitoTestExecutionListener@1b3439a7, org.springframework.boot.test.autoconfigure.SpringBootDependencyInjectionTestExecutionListener@7862e90c, org.springframework.test.context.support.DirtiesContextTestExecutionListener@5ac8bb8a, org.springframework.test.context.event.EventPublishingTestExecutionListener@35903782, org.springframework.boot.test.autoconfigure.restdocs.RestDocsTestExecutionListener@fd3c996, org.springframework.boot.test.autoconfigure.web.client.MockRestServiceServerResetTestExecutionListener@60167be9, org.springframework.boot.test.autoconfigure.web.servlet.MockMvcPrintOnlyOnFailureTestExecutionListener@7f9d888a, org.springframework.boot.test.autoconfigure.web.servlet.WebDriverTestExecutionListener@4b059cdc, org.springframework.boot.test.autoconfigure.webservices.client.MockWebServiceServerTestExecutionListener@5a8b7353, org.springframework.boot.test.mock.mockito.ResetMocksTestExecutionListener@99182d8]
23:16:21.204 [Test worker] DEBUG org.springframework.test.context.support.AbstractDirtiesContextTestExecutionListener - Before test class: context [DefaultTestContext@45f8d5e9 testClass = MessageSourceTest, testInstance = [null], testMethod = [null], testException = [null], mergedContextConfiguration = [WebMergedContextConfiguration@1db6489f testClass = MessageSourceTest, locations = '{}', classes = '{class hello.itemservice.ItemServiceApplication}', contextInitializerClasses = '[]', activeProfiles = '{}', propertySourceLocations = '{}', propertySourceProperties = '{org.springframework.boot.test.context.SpringBootTestContextBootstrapper=true}', contextCustomizers = set[org.springframework.boot.test.autoconfigure.actuate.metrics.MetricsExportContextCustomizerFactory$DisableMetricExportContextCustomizer@343c44cc, org.springframework.boot.test.autoconfigure.properties.PropertyMappingContextCustomizer@0, org.springframework.boot.test.autoconfigure.web.servlet.WebDriverContextCustomizerFactory$Customizer@439b67a2, org.springframework.boot.test.context.filter.ExcludeFilterContextCustomizer@5f42df4e, org.springframework.boot.test.json.DuplicateJsonObjectContextCustomizerFactory$DuplicateJsonObjectContextCustomizer@4fcb5196, org.springframework.boot.test.mock.mockito.MockitoContextCustomizer@0, org.springframework.boot.test.web.client.TestRestTemplateContextCustomizer@6acc0600, org.springframework.boot.test.context.SpringBootTestArgs@1, org.springframework.boot.test.context.SpringBootTestWebEnvironment@65f45f96], resourceBasePath = 'src/main/webapp', contextLoader = 'org.springframework.boot.test.context.SpringBootContextLoader', parent = [null]], attributes = map['org.springframework.test.context.web.ServletTestExecutionListener.activateListener' -> true]], class annotated with @DirtiesContext [false] with mode [null].
23:16:21.240 [Test worker] DEBUG org.springframework.test.context.support.TestPropertySourceUtils - Adding inlined properties to environment: {spring.jmx.enabled=false, org.springframework.boot.test.context.SpringBootTestContextBootstrapper=true}

  .   ____          _            __ _ _
 /\\ / ___'_ __ _ _(_)_ __  __ _ \ \ \ \
( ( )\___ | '_ | '_| | '_ \/ _` | \ \ \ \
 \\/  ___)| |_)| | | | | || (_| |  ) ) ) )
  '  |____| .__|_| |_|_| |_\__, | / / / /
 =========|_|==============|___/=/_/_/_/
 :: Spring Boot ::                (v2.4.4)

2022-03-31 23:16:21.739  INFO 2485 --- [    Test worker] h.itemservice.message.MessageSourceTest  : Starting MessageSourceTest using Java 11.0.11 on jeongminjun-ui-MacBookPro.local with PID 2485 (started by minjun in /Users/minjun/Desktop/message)
2022-03-31 23:16:21.747  INFO 2485 --- [    Test worker] h.itemservice.message.MessageSourceTest  : No active profile set, falling back to default profiles: default
2022-03-31 23:16:23.782  INFO 2485 --- [    Test worker] o.s.s.concurrent.ThreadPoolTaskExecutor  : Initializing ExecutorService 'applicationTaskExecutor'
2022-03-31 23:16:23.947  INFO 2485 --- [    Test worker] o.s.b.a.w.s.WelcomePageHandlerMapping    : Adding welcome page: class path resource [static/index.html]
2022-03-31 23:16:24.287  INFO 2485 --- [    Test worker] h.itemservice.message.MessageSourceTest  : Started MessageSourceTest in 3.037 seconds (JVM running for 4.531)
]]></system-out>
  <system-err><![CDATA[]]></system-err>
</testsuite>
